#! /usr/bin/vvp
:ivl_version "10.3 (stable)";
:ivl_delay_selection "TYPICAL";
:vpi_time_precision + 0;
:vpi_module "system";
:vpi_module "vhdl_sys";
:vpi_module "v2005_math";
:vpi_module "va_math";
S_0x7ffff61d90f0 .scope module, "testbed" "testbed" 2 4;
 .timescale 0 0;
v0x7ffff61f0f20_0 .var "ALUOP", 2 0;
v0x7ffff61f1000_0 .net/s "ALURESULT", 7 0, L_0x7ffff61f1850;  1 drivers
v0x7ffff61f10d0_0 .var/s "OPERAND1", 7 0;
v0x7ffff61f1230_0 .var/s "OPERAND2", 7 0;
S_0x7ffff61d9270 .scope module, "a1" "alu" 2 12, 2 62 0, S_0x7ffff61d90f0;
 .timescale 0 0;
    .port_info 0 /INPUT 8 "DATA1"
    .port_info 1 /INPUT 8 "DATA2"
    .port_info 2 /OUTPUT 8 "RESULT"
    .port_info 3 /INPUT 3 "SELECT"
L_0x7ffff61f1850 .functor BUFZ 8, v0x7ffff61f0d90_0, C4<00000000>, C4<00000000>, C4<00000000>;
v0x7ffff61f0760_0 .net/s "DATA1", 7 0, v0x7ffff61f10d0_0;  1 drivers
v0x7ffff61f0820_0 .net/s "DATA2", 7 0, v0x7ffff61f1230_0;  1 drivers
v0x7ffff61f08e0_0 .net/s "RESULT", 7 0, L_0x7ffff61f1850;  alias, 1 drivers
v0x7ffff61f09a0_0 .net/s "RESULT1", 7 0, L_0x7ffff61c22c0;  1 drivers
v0x7ffff61f0a90_0 .net/s "RESULT2", 7 0, L_0x7ffff61f1360;  1 drivers
v0x7ffff61f0b30_0 .net/s "RESULT3", 7 0, L_0x7ffff61f1400;  1 drivers
v0x7ffff61f0c00_0 .net/s "RESULT4", 7 0, L_0x7ffff61f16b0;  1 drivers
v0x7ffff61f0cd0_0 .net "SELECT", 2 0, v0x7ffff61f0f20_0;  1 drivers
v0x7ffff61f0d90_0 .var "out", 7 0;
E_0x7ffff61d9d30/0 .event edge, v0x7ffff61f0620_0, v0x7ffff61efc70_0, v0x7ffff61ef790_0, v0x7ffff61f00d0_0;
E_0x7ffff61d9d30/1 .event edge, v0x7ffff61f0cd0_0;
E_0x7ffff61d9d30 .event/or E_0x7ffff61d9d30/0, E_0x7ffff61d9d30/1;
S_0x7ffff61d70f0 .scope module, "a2" "Add" 2 74, 2 107 0, S_0x7ffff61d9270;
 .timescale 0 0;
    .port_info 0 /INPUT 8 "DATA1"
    .port_info 1 /INPUT 8 "DATA2"
    .port_info 2 /OUTPUT 8 "RESULT"
v0x7ffff61d72c0_0 .net/s "DATA1", 7 0, v0x7ffff61f10d0_0;  alias, 1 drivers
v0x7ffff61ef6b0_0 .net/s "DATA2", 7 0, v0x7ffff61f1230_0;  alias, 1 drivers
v0x7ffff61ef790_0 .net/s "RESULT", 7 0, L_0x7ffff61f1360;  alias, 1 drivers
L_0x7ffff61f1360 .delay 8 (2,2,2) L_0x7ffff61f1360/d;
L_0x7ffff61f1360/d .arith/sum 8, v0x7ffff61f10d0_0, v0x7ffff61f1230_0;
S_0x7ffff61ef8d0 .scope module, "a3" "And" 2 75, 2 119 0, S_0x7ffff61d9270;
 .timescale 0 0;
    .port_info 0 /INPUT 8 "DATA1"
    .port_info 1 /INPUT 8 "DATA2"
    .port_info 2 /OUTPUT 8 "RESULT"
L_0x7ffff61f1400/d .functor AND 8, v0x7ffff61f10d0_0, v0x7ffff61f1230_0, C4<11111111>, C4<11111111>;
L_0x7ffff61f1400 .delay 8 (1,1,1) L_0x7ffff61f1400/d;
v0x7ffff61efaf0_0 .net/s "DATA1", 7 0, v0x7ffff61f10d0_0;  alias, 1 drivers
v0x7ffff61efbd0_0 .net/s "DATA2", 7 0, v0x7ffff61f1230_0;  alias, 1 drivers
v0x7ffff61efc70_0 .net/s "RESULT", 7 0, L_0x7ffff61f1400;  alias, 1 drivers
S_0x7ffff61efdc0 .scope module, "f" "Forward" 2 73, 2 94 0, S_0x7ffff61d9270;
 .timescale 0 0;
    .port_info 0 /INPUT 8 "DATA2"
    .port_info 1 /OUTPUT 8 "RESULT"
L_0x7ffff61c22c0/d .functor BUFZ 8, v0x7ffff61f1230_0, C4<00000000>, C4<00000000>, C4<00000000>;
L_0x7ffff61c22c0 .delay 8 (1,1,1) L_0x7ffff61c22c0/d;
v0x7ffff61effc0_0 .net/s "DATA2", 7 0, v0x7ffff61f1230_0;  alias, 1 drivers
v0x7ffff61f00d0_0 .net/s "RESULT", 7 0, L_0x7ffff61c22c0;  alias, 1 drivers
S_0x7ffff61f0210 .scope module, "o1" "Or" 2 76, 2 132 0, S_0x7ffff61d9270;
 .timescale 0 0;
    .port_info 0 /INPUT 8 "DATA1"
    .port_info 1 /INPUT 8 "DATA2"
    .port_info 2 /OUTPUT 8 "RESULT"
L_0x7ffff61f16b0/d .functor OR 8, v0x7ffff61f1230_0, v0x7ffff61f10d0_0, C4<00000000>, C4<00000000>;
L_0x7ffff61f16b0 .delay 8 (1,1,1) L_0x7ffff61f16b0/d;
v0x7ffff61f0430_0 .net/s "DATA1", 7 0, v0x7ffff61f10d0_0;  alias, 1 drivers
v0x7ffff61f0560_0 .net/s "DATA2", 7 0, v0x7ffff61f1230_0;  alias, 1 drivers
v0x7ffff61f0620_0 .net/s "RESULT", 7 0, L_0x7ffff61f16b0;  alias, 1 drivers
    .scope S_0x7ffff61d9270;
T_0 ;
    %wait E_0x7ffff61d9d30;
    %load/vec4 v0x7ffff61f0cd0_0;
    %dup/vec4;
    %pushi/vec4 0, 0, 3;
    %cmp/u;
    %jmp/1 T_0.0, 6;
    %dup/vec4;
    %pushi/vec4 1, 0, 3;
    %cmp/u;
    %jmp/1 T_0.1, 6;
    %dup/vec4;
    %pushi/vec4 2, 0, 3;
    %cmp/u;
    %jmp/1 T_0.2, 6;
    %dup/vec4;
    %pushi/vec4 3, 0, 3;
    %cmp/u;
    %jmp/1 T_0.3, 6;
    %jmp T_0.4;
T_0.0 ;
    %load/vec4 v0x7ffff61f09a0_0;
    %store/vec4 v0x7ffff61f0d90_0, 0, 8;
    %jmp T_0.4;
T_0.1 ;
    %load/vec4 v0x7ffff61f0a90_0;
    %store/vec4 v0x7ffff61f0d90_0, 0, 8;
    %jmp T_0.4;
T_0.2 ;
    %load/vec4 v0x7ffff61f0b30_0;
    %store/vec4 v0x7ffff61f0d90_0, 0, 8;
    %jmp T_0.4;
T_0.3 ;
    %load/vec4 v0x7ffff61f0c00_0;
    %store/vec4 v0x7ffff61f0d90_0, 0, 8;
    %jmp T_0.4;
T_0.4 ;
    %pop/vec4 1;
    %jmp T_0;
    .thread T_0, $push;
    .scope S_0x7ffff61d90f0;
T_1 ;
    %vpi_call 2 18 "$monitor", $time, " Select: %d     Data1: %d    Data2: %d     result : %d", v0x7ffff61f0f20_0, v0x7ffff61f10d0_0, v0x7ffff61f1230_0, v0x7ffff61f1000_0 {0 0 0};
    %pushi/vec4 15, 0, 8;
    %cassign/vec4 v0x7ffff61f10d0_0;
    %pushi/vec4 22, 0, 8;
    %cassign/vec4 v0x7ffff61f1230_0;
    %pushi/vec4 0, 0, 3;
    %cassign/vec4 v0x7ffff61f0f20_0;
    %delay 5, 0;
    %pushi/vec4 3, 0, 8;
    %cassign/vec4 v0x7ffff61f10d0_0;
    %pushi/vec4 5, 0, 8;
    %cassign/vec4 v0x7ffff61f1230_0;
    %pushi/vec4 1, 0, 3;
    %cassign/vec4 v0x7ffff61f0f20_0;
    %delay 5, 0;
    %pushi/vec4 3, 0, 8;
    %cassign/vec4 v0x7ffff61f10d0_0;
    %pushi/vec4 5, 0, 8;
    %cassign/vec4 v0x7ffff61f1230_0;
    %pushi/vec4 2, 0, 3;
    %cassign/vec4 v0x7ffff61f0f20_0;
    %delay 5, 0;
    %pushi/vec4 4, 0, 8;
    %cassign/vec4 v0x7ffff61f10d0_0;
    %pushi/vec4 5, 0, 8;
    %cassign/vec4 v0x7ffff61f1230_0;
    %pushi/vec4 3, 0, 3;
    %cassign/vec4 v0x7ffff61f0f20_0;
    %delay 5, 0;
    %pushi/vec4 115, 0, 8;
    %cassign/vec4 v0x7ffff61f10d0_0;
    %pushi/vec4 232, 0, 8;
    %cassign/vec4 v0x7ffff61f1230_0;
    %pushi/vec4 0, 0, 3;
    %cassign/vec4 v0x7ffff61f0f20_0;
    %delay 5, 0;
    %pushi/vec4 7, 0, 8;
    %cassign/vec4 v0x7ffff61f10d0_0;
    %pushi/vec4 0, 0, 8;
    %cassign/vec4 v0x7ffff61f1230_0;
    %pushi/vec4 3, 0, 3;
    %cassign/vec4 v0x7ffff61f0f20_0;
    %delay 5, 0;
    %pushi/vec4 2, 0, 8;
    %cassign/vec4 v0x7ffff61f10d0_0;
    %pushi/vec4 4, 0, 8;
    %cassign/vec4 v0x7ffff61f1230_0;
    %pushi/vec4 2, 0, 3;
    %cassign/vec4 v0x7ffff61f0f20_0;
    %delay 5, 0;
    %pushi/vec4 156, 0, 8;
    %cassign/vec4 v0x7ffff61f10d0_0;
    %pushi/vec4 20, 0, 8;
    %cassign/vec4 v0x7ffff61f1230_0;
    %pushi/vec4 1, 0, 3;
    %cassign/vec4 v0x7ffff61f0f20_0;
    %delay 5, 0;
    %pushi/vec4 6, 0, 8;
    %cassign/vec4 v0x7ffff61f10d0_0;
    %pushi/vec4 20, 0, 8;
    %cassign/vec4 v0x7ffff61f1230_0;
    %pushi/vec4 3, 0, 3;
    %cassign/vec4 v0x7ffff61f0f20_0;
    %end;
    .thread T_1;
# The file index is used to find the file name in the following table.
:file_names 3;
    "N/A";
    "<interactive>";
    "ALU_group11.v";
